<?xml version="1.0" encoding="UTF-8"?>
<!-- Generated by org.testng.reporters.JUnitReportReporter -->
<testsuite name="com.selenium.selenium.facebook" tests="2" time="1.135" ignored="0" failures="0" timestamp="31 Jan 2019 21:12:53 GMT" skipped="0" hostname="LAPTOP-0RTB5BJS" errors="0">
  <testcase name="title_test" time="0.433" classname="com.selenium.selenium.facebook"/>
  <testcase name="createAccount" time="0.702" classname="com.selenium.selenium.facebook"/>
</testsuite> <!-- com.selenium.selenium.facebook -->
