<?xml version="1.0" encoding="UTF-8"?>
<!-- Generated by org.testng.reporters.JUnitReportReporter -->
<testsuite name="com.selenium.selenium.FacebookExcelDataprovider" tests="1" time="3.323" ignored="0" failures="0" timestamp="31 Jan 2019 19:40:25 GMT" skipped="0" hostname="LAPTOP-0RTB5BJS" errors="0">
  <testcase name="createfb" time="3.323" classname="com.selenium.selenium.FacebookExcelDataprovider"/>
</testsuite> <!-- com.selenium.selenium.FacebookExcelDataprovider -->
