<?xml version="1.0" encoding="UTF-8"?>
<!-- Generated by org.testng.reporters.JUnitReportReporter -->
<testsuite name="com.selenium.selenium.test1" tests="1" time="16.616" ignored="0" failures="0" timestamp="01 Dec 2018 23:45:49 GMT" skipped="0" hostname="LAPTOP-HRFDI22P" errors="0">
  <testcase name="test" time="16.616" classname="com.selenium.selenium.test1"/>
</testsuite> <!-- com.selenium.selenium.test1 -->
