<?xml version="1.0" encoding="UTF-8"?>
<!-- Generated by org.testng.reporters.JUnitReportReporter -->
<testsuite name="com.selenium.selenium.facebookParameterization" tests="3" time="1.519" ignored="0" failures="0" timestamp="31 Jan 2019 19:18:51 GMT" skipped="0" hostname="LAPTOP-0RTB5BJS" errors="0">
  <testcase name="setup" time="0.201" classname="com.selenium.selenium.facebookParameterization"/>
  <testcase name="setup" time="1.150" classname="com.selenium.selenium.facebookParameterization"/>
  <testcase name="setup" time="0.168" classname="com.selenium.selenium.facebookParameterization"/>
</testsuite> <!-- com.selenium.selenium.facebookParameterization -->
